WARN  [AWT-EventQueue-0] 2017-03-10 15:45:57,864 repast.simphony.scenario.AbstractActionLoader - Error attempting to load file 'C:\Users\jgsanchez\git\demandside\demandSide\demandSide.rs\repast.simphony.action.display_1.xml'. Not loading the action from that file.
java.io.FileNotFoundException: C:\Users\jgsanchez\git\demandside\demandSide\demandSide.rs\repast.simphony.action.display_1.xml (El sistema no puede encontrar el archivo especificado)
	at java.io.FileInputStream.open0(Native Method)
	at java.io.FileInputStream.open(FileInputStream.java:195)
	at java.io.FileInputStream.<init>(FileInputStream.java:138)
	at java.io.FileReader.<init>(FileReader.java:72)
	at repast.simphony.scenario.AbstractActionLoader.loadAction(AbstractActionLoader.java:34)
	at repast.simphony.scenario.ScenarioFileLoader.createActions(ScenarioFileLoader.java:90)
	at repast.simphony.scenario.ScenarioFileLoader.load(ScenarioFileLoader.java:66)
	at repast.simphony.scenario.ScenarioLoader.load(ScenarioLoader.java:193)
	at repast.simphony.ui.RSApplication.open(RSApplication.java:359)
	at repast.simphony.ui.RSAppConfigurator.postWindowOpen(RSAppConfigurator.java:39)
	at saf.core.ui.GUICreatorDelegate.runDisplay(GUICreatorDelegate.java:188)
	at saf.core.ui.GUICreator$1.run(GUICreator.java:18)
	at simphony.util.ThreadUtilities$Runner.run(ThreadUtilities.java:33)
	at simphony.util.ThreadUtilities.runInEventThread(ThreadUtilities.java:47)
	at saf.core.ui.GUICreator.runDisplay(GUICreator.java:16)
	at repast.simphony.ui.RSUIPlugin$1.run(RSUIPlugin.java:104)
	at java.awt.event.InvocationEvent.dispatch(InvocationEvent.java:311)
	at java.awt.EventQueue.dispatchEventImpl(EventQueue.java:756)
	at java.awt.EventQueue.access$500(EventQueue.java:97)
	at java.awt.EventQueue$3.run(EventQueue.java:709)
	at java.awt.EventQueue$3.run(EventQueue.java:703)
	at java.security.AccessController.doPrivileged(Native Method)
	at java.security.ProtectionDomain$JavaSecurityAccessImpl.doIntersectionPrivilege(ProtectionDomain.java:80)
	at java.awt.EventQueue.dispatchEvent(EventQueue.java:726)
	at java.awt.EventDispatchThread.pumpOneEventForFilters(EventDispatchThread.java:201)
	at java.awt.EventDispatchThread.pumpEventsForFilter(EventDispatchThread.java:116)
	at java.awt.EventDispatchThread.pumpEventsForHierarchy(EventDispatchThread.java:105)
	at java.awt.EventDispatchThread.pumpEvents(EventDispatchThread.java:101)
	at java.awt.EventDispatchThread.pumpEvents(EventDispatchThread.java:93)
	at java.awt.EventDispatchThread.run(EventDispatchThread.java:82)
FATAL [Thread-7] 2017-03-10 15:48:08,807 repast.simphony.ui.GUIScheduleRunner - RunTimeException when running the schedule
Current tick (1.0)
java.lang.RuntimeException: java.lang.reflect.InvocationTargetException
	at repast.simphony.engine.schedule.DynamicTargetAction.execute(DynamicTargetAction.java:72)
	at repast.simphony.engine.schedule.DefaultAction.execute(DefaultAction.java:38)
	at repast.simphony.engine.schedule.ScheduleGroup.executeList(ScheduleGroup.java:205)
	at repast.simphony.engine.schedule.ScheduleGroup.execute(ScheduleGroup.java:231)
	at repast.simphony.engine.schedule.Schedule.execute(Schedule.java:352)
	at repast.simphony.ui.GUIScheduleRunner$ScheduleLoopRunnable.run(GUIScheduleRunner.java:52)
	at java.lang.Thread.run(Thread.java:745)
Caused by: java.lang.reflect.InvocationTargetException
	at firms.Firms$$FastClassByCGLIB$$dc8f949c.invoke(<generated>)
	at net.sf.cglib.reflect.FastMethod.invoke(FastMethod.java:53)
	at repast.simphony.engine.schedule.DynamicTargetAction.execute(DynamicTargetAction.java:69)
	... 6 more
Caused by: org.apache.commons.math3.exception.TooManyEvaluationsException: illegal state: maximal count (0) exceeded: evaluations
	at org.apache.commons.math3.optim.BaseOptimizer$MaxEvalCallback.trigger(BaseOptimizer.java:242)
	at org.apache.commons.math3.util.Incrementor.incrementCount(Incrementor.java:157)
	at org.apache.commons.math3.optim.BaseOptimizer.incrementEvaluationCount(BaseOptimizer.java:191)
	at org.apache.commons.math3.optim.univariate.UnivariateOptimizer.computeObjectiveValue(UnivariateOptimizer.java:148)
	at org.apache.commons.math3.optim.univariate.BrentOptimizer.doOptimize(BrentOptimizer.java:139)
	at org.apache.commons.math3.optim.univariate.BrentOptimizer.doOptimize(BrentOptimizer.java:43)
	at org.apache.commons.math3.optim.BaseOptimizer.optimize(BaseOptimizer.java:153)
	at org.apache.commons.math3.optim.univariate.UnivariateOptimizer.optimize(UnivariateOptimizer.java:70)
	at decisionTools.OptimalPrice.getSegmentOptimalPrice(OptimalPrice.java:201)
	at decisionTools.OptimalPrice.getOptimalPriceWithHigherLimitingFirms(OptimalPrice.java:156)
	at decisionTools.OptimalPrice.get(OptimalPrice.java:31)
	at firms.Firm.getOptimalPriceGivenRealQ(Firm.java:116)
	at firms.Firm.makeInitialOffer(Firm.java:81)
	at firms.Firm.<init>(Firm.java:70)
	at firms.Firms.addFirms(Firms.java:93)
	... 9 more
